14-01-15 17:51 GMT mail_recipient Issue = #67, add Reporter = @U3
14-01-15 17:51 GMT mail_recipient Issue = #67, add Handler = @U2
14-01-15 17:51 GMT mail_recipient Issue = #67, drop @U3 (pref email_on_status off)
14-01-15 17:51 GMT mail_recipient Issue = #67, drop @U2 (own)
15-01-15 10:45 GMT mail_recipient Issue = #36, add Reporter = @U2
15-01-15 10:45 GMT mail_recipient Issue = #36, add Handler = @U2
15-01-15 10:45 GMT mail_recipient Issue = #36, add Note Author = @U2
15-01-15 10:45 GMT mail_recipient Issue = #36, drop @U2 (own)
15-01-15 10:46 GMT mail_recipient Issue = #36, add Reporter = @U2
15-01-15 10:46 GMT mail_recipient Issue = #36, add Handler = @U2
15-01-15 10:46 GMT mail_recipient Issue = #36, add Note Author = @U2
15-01-15 10:46 GMT mail_recipient Issue = #36, drop @U2 (own)
15-01-15 10:47 GMT mail_recipient Issue = #36, add Reporter = @U2
15-01-15 10:47 GMT mail_recipient Issue = #36, add Handler = @U2
15-01-15 10:47 GMT mail_recipient Issue = #36, add Note Author = @U2
15-01-15 10:47 GMT mail_recipient Issue = #36, drop @U2 (own)
15-01-15 10:48 GMT mail_recipient Issue = #54, add Reporter = @U7
15-01-15 10:48 GMT mail_recipient Issue = #54, add Handler = @U2
15-01-15 10:48 GMT mail_recipient Issue = #54, add Note Author = @U3
15-01-15 10:48 GMT mail_recipient Issue = #54, add Note Author = @U2
15-01-15 10:48 GMT mail_recipient Issue = #54, drop @U7 (pref email_on_status off)
15-01-15 10:48 GMT mail_recipient Issue = #54, drop @U2 (own)
15-01-15 10:48 GMT mail_recipient Issue = #54, drop @U3 (pref email_on_status off)
09-09-15 08:55 BST mail_recipient Issue = #41, add Reporter = @U5
09-09-15 08:55 BST mail_recipient Issue = #41, add Handler = @U2
09-09-15 08:55 BST mail_recipient Issue = #41, add Note Author = @U3
09-09-15 08:55 BST mail_recipient Issue = #41, add Note Author = @U5
09-09-15 08:55 BST mail_recipient Issue = #41, add Note Author = @U2
09-09-15 08:55 BST mail_recipient Issue = #41, drop @U5 (pref email_on_status off)
09-09-15 08:55 BST mail_recipient Issue = #41, drop @U2 (own)
09-09-15 08:55 BST mail_recipient Issue = #41, drop @U3 (pref email_on_status off)
09-09-15 09:17 BST mail_recipient Issue = #18, add Reporter = @U2
09-09-15 09:17 BST mail_recipient Issue = #18, add Handler = @U2
09-09-15 09:17 BST mail_recipient Issue = #18, drop @U2 (own)
09-09-15 09:20 BST mail_recipient Issue = #12, add Reporter = @U2
09-09-15 09:20 BST mail_recipient Issue = #12, add Handler = @U3
09-09-15 09:20 BST mail_recipient Issue = #12, add Monitor = @U7
09-09-15 09:20 BST mail_recipient Issue = #12, add Monitor = @U8
09-09-15 09:20 BST mail_recipient Issue = #12, drop @U2 (own)
09-09-15 09:20 BST mail_recipient Issue = #12, drop @U3 (pref email_on_status off)
09-09-15 09:20 BST mail_recipient Issue = #12, drop @U7 (pref email_on_status off)
09-09-15 09:20 BST mail_recipient Issue = #12, drop @U8 (pref email_on_status off)
